Added Component: Designator=C1(C0603_M)
Add component (AddParameter): Name = "BOM名称"; Value = "无极性贴片电容"; VariantName = "[No Variations]"
Add component (AddParameter): Name = "当前库版本V2022.11.14 @淘宝卖家:黄晶宝石"; Value = "最新版本发布https://shop463601444.taobao.com"; VariantName = "[No Variations]"
Added Component: Designator=C2(C0603_M)
Add component (AddParameter): Name = "BOM名称"; Value = "无极性贴片电容"; VariantName = "[No Variations]"
Add component (AddParameter): Name = "当前库版本V2022.11.14 @淘宝卖家:黄晶宝石"; Value = "最新版本发布https://shop463601444.taobao.com"; VariantName = "[No Variations]"
Added Component: Designator=C3(C0603_M)
Add component (AddParameter): Name = "BOM名称"; Value = "无极性贴片电容"; VariantName = "[No Variations]"
Add component (AddParameter): Name = "当前库版本V2022.11.14 @淘宝卖家:黄晶宝石"; Value = "最新版本发布https://shop463601444.taobao.com"; VariantName = "[No Variations]"
Added Component: Designator=C4(C0603_M)
Add component (AddParameter): Name = "BOM名称"; Value = "无极性贴片电容"; VariantName = "[No Variations]"
Add component (AddParameter): Name = "当前库版本V2022.11.14 @淘宝卖家:黄晶宝石"; Value = "最新版本发布https://shop463601444.taobao.com"; VariantName = "[No Variations]"
Added Component: Designator=C5(C0603_M)
Add component (AddParameter): Name = "BOM名称"; Value = "无极性贴片电容"; VariantName = "[No Variations]"
Add component (AddParameter): Name = "当前库版本V2022.11.14 @淘宝卖家:黄晶宝石"; Value = "最新版本发布https://shop463601444.taobao.com"; VariantName = "[No Variations]"
Added Component: Designator=C6(C0603_M)
Add component (AddParameter): Name = "BOM名称"; Value = "无极性贴片电容"; VariantName = "[No Variations]"
Add component (AddParameter): Name = "唯一出售店铺网址"; Value = "https://shop463601444.taobao.com"; VariantName = "[No Variations]"
Add component (AddParameter): Name = "淘宝ID"; Value = "封装库来自淘宝 ID：黄晶宝石"; VariantName = "[No Variations]"
Add component (AddParameter): Name = "联系售后，技术支持"; Value = "https://shop463601444.taobao.com"; VariantName = "[No Variations]"
Added Component: Designator=C7(C0603_M)
Add component (AddParameter): Name = "BOM名称"; Value = "无极性贴片电容"; VariantName = "[No Variations]"
Add component (AddParameter): Name = "联系卖家，免费查找封装"; Value = "唯一出售店铺网址https://shop463601444.taobao.com"; VariantName = "[No Variations]"
Added Component: Designator=C8(C0603_M)
Add component (AddParameter): Name = "BOM名称"; Value = "无极性贴片电容"; VariantName = "[No Variations]"
Add component (AddParameter): Name = "唯一出售店铺网址"; Value = "https://shop463601444.taobao.com"; VariantName = "[No Variations]"
Add component (AddParameter): Name = "淘宝ID"; Value = "封装库来自淘宝 ID：黄晶宝石"; VariantName = "[No Variations]"
Add component (AddParameter): Name = "联系售后，技术支持"; Value = "https://shop463601444.taobao.com"; VariantName = "[No Variations]"
Added Component: Designator=C9(C0603_M)
Add component (AddParameter): Name = "BOM名称"; Value = "无极性贴片电容"; VariantName = "[No Variations]"
Add component (AddParameter): Name = "联系卖家，免费查找封装"; Value = "唯一出售店铺网址https://shop463601444.taobao.com"; VariantName = "[No Variations]"
Added Component: Designator=C10(C0603_M)
Add component (AddParameter): Name = "BOM名称"; Value = "无极性贴片电容"; VariantName = "[No Variations]"
Add component (AddParameter): Name = "唯一出售店铺网址"; Value = "https://shop463601444.taobao.com"; VariantName = "[No Variations]"
Add component (AddParameter): Name = "淘宝ID"; Value = "封装库来自淘宝 ID：黄晶宝石"; VariantName = "[No Variations]"
Add component (AddParameter): Name = "联系售后，技术支持"; Value = "https://shop463601444.taobao.com"; VariantName = "[No Variations]"
Added Component: Designator=C11(C0603_M)
Add component (AddParameter): Name = "BOM名称"; Value = "无极性贴片电容"; VariantName = "[No Variations]"
Add component (AddParameter): Name = "学习资源"; Value = "www.ooocke.com"; VariantName = "[No Variations]"
Add component (AddParameter): Name = "版权归属"; Value = "源创客"; VariantName = "[No Variations]"
Added Component: Designator=C12(C0603_M)
Add component (AddParameter): Name = "BOM名称"; Value = "无极性贴片电容"; VariantName = "[No Variations]"
Add component (AddParameter): Name = "唯一出售店铺网址"; Value = "https://shop463601444.taobao.com"; VariantName = "[No Variations]"
Add component (AddParameter): Name = "淘宝ID"; Value = "封装库来自淘宝 ID：黄晶宝石"; VariantName = "[No Variations]"
Add component (AddParameter): Name = "联系售后，技术支持"; Value = "https://shop463601444.taobao.com"; VariantName = "[No Variations]"
Added Component: Designator=C13(C0603_M)
Add component (AddParameter): Name = "BOM名称"; Value = "无极性贴片电容"; VariantName = "[No Variations]"
Add component (AddParameter): Name = "当前库版本V2022.11.14 @淘宝卖家:黄晶宝石"; Value = "最新版本发布https://shop463601444.taobao.com"; VariantName = "[No Variations]"
Added Component: Designator=C14(C0603_M)
Add component (AddParameter): Name = "BOM名称"; Value = "无极性贴片电容"; VariantName = "[No Variations]"
Add component (AddParameter): Name = "当前库版本V2022.11.14 @淘宝卖家:黄晶宝石"; Value = "最新版本发布https://shop463601444.taobao.com"; VariantName = "[No Variations]"
Added Component: Designator=C15(C0603_M)
Add component (AddParameter): Name = "BOM名称"; Value = "无极性贴片电容"; VariantName = "[No Variations]"
Add component (AddParameter): Name = "当前库版本V2022.11.14 @淘宝卖家:黄晶宝石"; Value = "最新版本发布https://shop463601444.taobao.com"; VariantName = "[No Variations]"
Added Component: Designator=C16(C0603_M)
Add component (AddParameter): Name = "BOM名称"; Value = "无极性贴片电容"; VariantName = "[No Variations]"
Add component (AddParameter): Name = "联系卖家，免费查找封装"; Value = "唯一出售店铺网址https://shop463601444.taobao.com"; VariantName = "[No Variations]"
Added Component: Designator=C17(C0603_M)
Add component (AddParameter): Name = "BOM名称"; Value = "无极性贴片电容"; VariantName = "[No Variations]"
Add component (AddParameter): Name = "当前库版本V2022.11.14 @淘宝卖家:黄晶宝石"; Value = "最新版本发布https://shop463601444.taobao.com"; VariantName = "[No Variations]"
Added Component: Designator=C18(C0603_M)
Add component (AddParameter): Name = "BOM名称"; Value = "无极性贴片电容"; VariantName = "[No Variations]"
Add component (AddParameter): Name = "联系卖家，免费查找封装"; Value = "唯一出售店铺网址https://shop463601444.taobao.com"; VariantName = "[No Variations]"
Added Component: Designator=C19(C0603_M)
Add component (AddParameter): Name = "BOM名称"; Value = "无极性贴片电容"; VariantName = "[No Variations]"
Add component (AddParameter): Name = "联系卖家，免费查找封装"; Value = "唯一出售店铺网址https://shop463601444.taobao.com"; VariantName = "[No Variations]"
Added Component: Designator=C20(C0603_M)
Add component (AddParameter): Name = "BOM名称"; Value = "无极性贴片电容"; VariantName = "[No Variations]"
Add component (AddParameter): Name = "联系卖家，免费查找封装"; Value = "唯一出售店铺网址https://shop463601444.taobao.com"; VariantName = "[No Variations]"
Added Component: Designator=C21(C0603_M)
Add component (AddParameter): Name = "BOM名称"; Value = "无极性贴片电容"; VariantName = "[No Variations]"
Add component (AddParameter): Name = "当前库版本V2022.11.14 @淘宝卖家:黄晶宝石"; Value = "最新版本发布https://shop463601444.taobao.com"; VariantName = "[No Variations]"
Added Component: Designator=C22(C0603_M)
Add component (AddParameter): Name = "BOM名称"; Value = "无极性贴片电容"; VariantName = "[No Variations]"
Add component (AddParameter): Name = "当前库版本V2022.11.14 @淘宝卖家:黄晶宝石"; Value = "最新版本发布https://shop463601444.taobao.com"; VariantName = "[No Variations]"
Added Component: Designator=C23(C0603_M)
Add component (AddParameter): Name = "BOM名称"; Value = "无极性贴片电容"; VariantName = "[No Variations]"
Add component (AddParameter): Name = "联系卖家，免费查找封装"; Value = "唯一出售店铺网址https://shop463601444.taobao.com"; VariantName = "[No Variations]"
Added Component: Designator=C24(C0603_M)
Add component (AddParameter): Name = "BOM名称"; Value = "无极性贴片电容"; VariantName = "[No Variations]"
Add component (AddParameter): Name = "联系卖家，免费查找封装"; Value = "唯一出售店铺网址https://shop463601444.taobao.com"; VariantName = "[No Variations]"
Added Component: Designator=C25(C0603_M)
Add component (AddParameter): Name = "BOM名称"; Value = "无极性贴片电容"; VariantName = "[No Variations]"
Add component (AddParameter): Name = "联系卖家，免费查找封装"; Value = "唯一出售店铺网址https://shop463601444.taobao.com"; VariantName = "[No Variations]"
Added Component: Designator=C26(C0603_M)
Add component (AddParameter): Name = "BOM名称"; Value = "无极性贴片电容"; VariantName = "[No Variations]"
Add component (AddParameter): Name = "联系卖家，免费查找封装"; Value = "唯一出售店铺网址https://shop463601444.taobao.com"; VariantName = "[No Variations]"
Added Component: Designator=C27(C0603_M)
Add component (AddParameter): Name = "BOM名称"; Value = "无极性贴片电容"; VariantName = "[No Variations]"
Add component (AddParameter): Name = "联系卖家，免费查找封装"; Value = "唯一出售店铺网址https://shop463601444.taobao.com"; VariantName = "[No Variations]"
Added Component: Designator=C28(C0603_M)
Add component (AddParameter): Name = "BOM名称"; Value = "无极性贴片电容"; VariantName = "[No Variations]"
Add component (AddParameter): Name = "联系卖家，免费查找封装"; Value = "唯一出售店铺网址https://shop463601444.taobao.com"; VariantName = "[No Variations]"
Added Component: Designator=C29(C0603_M)
Add component (AddParameter): Name = "BOM名称"; Value = "无极性贴片电容"; VariantName = "[No Variations]"
Add component (AddParameter): Name = "联系卖家，免费查找封装"; Value = "唯一出售店铺网址https://shop463601444.taobao.com"; VariantName = "[No Variations]"
Added Component: Designator=C30(C0603_M)
Add component (AddParameter): Name = "BOM名称"; Value = "无极性贴片电容"; VariantName = "[No Variations]"
Add component (AddParameter): Name = "联系卖家，免费查找封装"; Value = "唯一出售店铺网址https://shop463601444.taobao.com"; VariantName = "[No Variations]"
Added Component: Designator=C31(C0603_M)
Add component (AddParameter): Name = "BOM名称"; Value = "无极性贴片电容"; VariantName = "[No Variations]"
Add component (AddParameter): Name = "联系卖家，免费查找封装"; Value = "唯一出售店铺网址https://shop463601444.taobao.com"; VariantName = "[No Variations]"
Added Component: Designator=C32(C0603_M)
Add component (AddParameter): Name = "BOM名称"; Value = "无极性贴片电容"; VariantName = "[No Variations]"
Add component (AddParameter): Name = "联系卖家，免费查找封装"; Value = "唯一出售店铺网址https://shop463601444.taobao.com"; VariantName = "[No Variations]"
Added Component: Designator=C33(C0603_M)
Add component (AddParameter): Name = "BOM名称"; Value = "无极性贴片电容"; VariantName = "[No Variations]"
Add component (AddParameter): Name = "联系卖家，免费查找封装"; Value = "唯一出售店铺网址https://shop463601444.taobao.com"; VariantName = "[No Variations]"
Added Component: Designator=C34(C0603_M)
Add component (AddParameter): Name = "BOM名称"; Value = "无极性贴片电容"; VariantName = "[No Variations]"
Add component (AddParameter): Name = "联系卖家，免费查找封装"; Value = "唯一出售店铺网址https://shop463601444.taobao.com"; VariantName = "[No Variations]"
Added Component: Designator=CE1(CE D(6.3*5.4))
Add component (AddParameter): Name = "BOM名称"; Value = "直插电解电容"; VariantName = "[No Variations]"
Add component (AddParameter): Name = "联系卖家，免费查找封装"; Value = "唯一出售店铺网址https://shop463601444.taobao.com"; VariantName = "[No Variations]"
Added Component: Designator=CE2(CE D(6.3*5.4))
Add component (AddParameter): Name = "BOM名称"; Value = "直插电解电容"; VariantName = "[No Variations]"
Add component (AddParameter): Name = "联系卖家，免费查找封装"; Value = "唯一出售店铺网址https://shop463601444.taobao.com"; VariantName = "[No Variations]"
Added Component: Designator=JP1(HDR2.54-M-LI-4P)
Add component (AddParameter): Name = "BOM名称"; Value = "4P接插件"; VariantName = "[No Variations]"
Add component (AddParameter): Name = "封装库来自淘宝卖家 ID：黄晶宝石"; Value = "其他店铺购入均为盗版假冒封装库"; VariantName = "[No Variations]"
Add component (AddParameter): Name = "联系卖家，免费查找封装"; Value = "唯一出售店铺网址https://shop463601444.taobao.com"; VariantName = "[No Variations]"
Added Component: Designator=JP2(HDR2.54-WI-4P)
Add component (AddParameter): Name = "BOM名称"; Value = "4P接插件"; VariantName = "[No Variations]"
Add component (AddParameter): Name = "封装库来自淘宝卖家 ID：黄晶宝石"; Value = "其他店铺购入均为盗版假冒封装库"; VariantName = "[No Variations]"
Add component (AddParameter): Name = "联系卖家，免费查找封装"; Value = "唯一出售店铺网址https://shop463601444.taobao.com"; VariantName = "[No Variations]"
Added Component: Designator=JP3(HDR2.54-M-LI-2P)
Add component (AddParameter): Name = "BOM名称"; Value = "2P接插件"; VariantName = "[No Variations]"
Add component (AddParameter): Name = "版权归属"; Value = "封装库来自淘宝 ID：黄晶宝石"; VariantName = "[No Variations]"
Added Component: Designator=JP4(HDR2.54-M-LI-6P)
Add component (AddParameter): Name = "BOM名称"; Value = "6P接插件"; VariantName = "[No Variations]"
Add component (AddParameter): Name = "学习资源"; Value = "最新版本发布https://item.taobao.com/item.htm?id=566775463719"; VariantName = "[No Variations]"
Add component (AddParameter): Name = "版权归属"; Value = "封装库来自淘宝 ID：黄晶宝石"; VariantName = "[No Variations]"
Added Component: Designator=JP5(HDR2.54-M-LI-2P)
Add component (AddParameter): Name = "BOM名称"; Value = "2P接插件"; VariantName = "[No Variations]"
Add component (AddParameter): Name = "版权归属"; Value = "封装库来自淘宝 ID：黄晶宝石"; VariantName = "[No Variations]"
Added Component: Designator=JP6(XH2.54-WI-2P)
Add component (AddParameter): Name = "BOM名称"; Value = "2P接插件"; VariantName = "[No Variations]"
Add component (AddParameter): Name = "版权归属"; Value = "封装库来自淘宝 ID：黄晶宝石"; VariantName = "[No Variations]"
Added Component: Designator=JP7(XH2.54-WI-2P)
Add component (AddParameter): Name = "BOM名称"; Value = "2P接插件"; VariantName = "[No Variations]"
Add component (AddParameter): Name = "版权归属"; Value = "封装库来自淘宝 ID：黄晶宝石"; VariantName = "[No Variations]"
Added Component: Designator=JP8(XH2.54-WI-2P)
Add component (AddParameter): Name = "BOM名称"; Value = "2P接插件"; VariantName = "[No Variations]"
Add component (AddParameter): Name = "版权归属"; Value = "封装库来自淘宝 ID：黄晶宝石"; VariantName = "[No Variations]"
Added Component: Designator=JP9(XH2.54-WI-2P)
Add component (AddParameter): Name = "BOM名称"; Value = "2P接插件"; VariantName = "[No Variations]"
Add component (AddParameter): Name = "版权归属"; Value = "封装库来自淘宝 ID：黄晶宝石"; VariantName = "[No Variations]"
Added Component: Designator=JP10(HDR2.54-LI-2P)
Add component (AddParameter): Name = "BOM名称"; Value = "2P接插件"; VariantName = "[No Variations]"
Add component (AddParameter): Name = "封装库来自淘宝卖家ID：黄晶宝石"; Value = "其他店铺购入均为盗版封装库，请立即申请退款，本店现金奖励50~200元"; VariantName = "[No Variations]"
Add component (AddParameter): Name = "联系卖家，免费查找封装"; Value = "唯一出售店铺网址https://shop463601444.taobao.com"; VariantName = "[No Variations]"
Added Component: Designator=JP11(HDR2.54-LI-2P)
Add component (AddParameter): Name = "BOM名称"; Value = "2P接插件"; VariantName = "[No Variations]"
Add component (AddParameter): Name = "封装库来自淘宝卖家ID：黄晶宝石"; Value = "其他店铺购入均为盗版封装库，请立即申请退款，本店现金奖励50~200元"; VariantName = "[No Variations]"
Add component (AddParameter): Name = "联系卖家，免费查找封装"; Value = "唯一出售店铺网址https://shop463601444.taobao.com"; VariantName = "[No Variations]"
Added Component: Designator=JP12(TX60PW-M20)
Added Component: Designator=LED1(LED0603_B)
Add component (AddParameter): Name = "BOM名称"; Value = "贴片LED"; VariantName = "[No Variations]"
Add component (AddParameter): Name = "封装库来自淘宝卖家：黄晶宝石"; Value = "其他店铺购入均为盗版封装库，无更新权益，请立即申请退款，本店现金奖励200~1000元"; VariantName = "[No Variations]"
Added Component: Designator=LED2(LED0603_B)
Add component (AddParameter): Name = "BOM名称"; Value = "贴片LED"; VariantName = "[No Variations]"
Add component (AddParameter): Name = "封装库来自淘宝卖家：黄晶宝石"; Value = "其他店铺购入均为盗版封装库，无更新权益，请立即申请退款，本店现金奖励200~1000元"; VariantName = "[No Variations]"
Added Component: Designator=LED3(LED0603_R)
Add component (AddParameter): Name = "BOM名称"; Value = "贴片LED"; VariantName = "[No Variations]"
Add component (AddParameter): Name = "封装库来自淘宝卖家：黄晶宝石"; Value = "其他店铺购入均为盗版封装库，无更新权益，请立即申请退款，本店现金奖励200~1000元"; VariantName = "[No Variations]"
Added Component: Designator=LED4(LED0603_R)
Add component (AddParameter): Name = "BOM名称"; Value = "贴片LED"; VariantName = "[No Variations]"
Add component (AddParameter): Name = "封装库来自淘宝卖家：黄晶宝石"; Value = "其他店铺购入均为盗版封装库，无更新权益，请立即申请退款，本店现金奖励200~1000元"; VariantName = "[No Variations]"
Added Component: Designator=LED5(LED0603_R)
Add component (AddParameter): Name = "BOM名称"; Value = "贴片LED"; VariantName = "[No Variations]"
Add component (AddParameter): Name = "封装库来自淘宝卖家：黄晶宝石"; Value = "其他店铺购入均为盗版封装库，无更新权益，请立即申请退款，本店现金奖励200~1000元"; VariantName = "[No Variations]"
Added Component: Designator=R1(R0603_M)
Add component (AddParameter): Name = "BOM名称"; Value = "贴片电阻"; VariantName = "[No Variations]"
Add component (AddParameter): Name = "学习资源"; Value = "www.ooocke.com"; VariantName = "[No Variations]"
Add component (AddParameter): Name = "版权归属"; Value = "源创客"; VariantName = "[No Variations]"
Added Component: Designator=R2(R0603_M)
Add component (AddParameter): Name = "BOM名称"; Value = "贴片电阻"; VariantName = "[No Variations]"
Add component (AddParameter): Name = "联系卖家，免费查找封装"; Value = "唯一出售店铺网址https://shop463601444.taobao.com"; VariantName = "[No Variations]"
Added Component: Designator=R3(R0603_M)
Add component (AddParameter): Name = "BOM名称"; Value = "贴片电阻"; VariantName = "[No Variations]"
Add component (AddParameter): Name = "联系卖家，免费查找封装"; Value = "唯一出售店铺网址https://shop463601444.taobao.com"; VariantName = "[No Variations]"
Added Component: Designator=R4(R0603_M)
Add component (AddParameter): Name = "BOM名称"; Value = "贴片电阻"; VariantName = "[No Variations]"
Add component (AddParameter): Name = "联系卖家，免费查找封装"; Value = "唯一出售店铺网址https://shop463601444.taobao.com"; VariantName = "[No Variations]"
Added Component: Designator=R5(R0603_M)
Add component (AddParameter): Name = "BOM名称"; Value = "贴片电阻"; VariantName = "[No Variations]"
Add component (AddParameter): Name = "联系下单店铺卖家 免费帮你查找封装"; Value = "联系下单店铺卖家 免费技术支持"; VariantName = "[No Variations]"
Added Component: Designator=R6(R0603_M)
Add component (AddParameter): Name = "BOM名称"; Value = "贴片电阻"; VariantName = "[No Variations]"
Add component (AddParameter): Name = "联系下单店铺卖家 免费帮你查找封装"; Value = "联系下单店铺卖家 免费技术支持"; VariantName = "[No Variations]"
Added Component: Designator=R7(R0603_M)
Add component (AddParameter): Name = "BOM名称"; Value = "贴片电阻"; VariantName = "[No Variations]"
Add component (AddParameter): Name = "联系下单店铺卖家 免费帮你查找封装"; Value = "联系下单店铺卖家 免费技术支持"; VariantName = "[No Variations]"
Added Component: Designator=R8(R0603_M)
Add component (AddParameter): Name = "BOM名称"; Value = "贴片电阻"; VariantName = "[No Variations]"
Add component (AddParameter): Name = "联系下单店铺卖家 免费帮你查找封装"; Value = "联系下单店铺卖家 免费技术支持"; VariantName = "[No Variations]"
Added Component: Designator=R9(R0603_M)
Add component (AddParameter): Name = "BOM名称"; Value = "贴片电阻"; VariantName = "[No Variations]"
Add component (AddParameter): Name = "联系下单店铺卖家 免费帮你查找封装"; Value = "联系下单店铺卖家 免费技术支持"; VariantName = "[No Variations]"
Added Component: Designator=R10(R0603_M)
Add component (AddParameter): Name = "BOM名称"; Value = "贴片电阻"; VariantName = "[No Variations]"
Add component (AddParameter): Name = "联系下单店铺卖家 免费帮你查找封装"; Value = "联系下单店铺卖家 免费技术支持"; VariantName = "[No Variations]"
Added Component: Designator=R11(R0603_M)
Add component (AddParameter): Name = "BOM名称"; Value = "贴片电阻"; VariantName = "[No Variations]"
Add component (AddParameter): Name = "联系卖家，免费查找封装"; Value = "唯一出售店铺网址https://shop463601444.taobao.com"; VariantName = "[No Variations]"
Added Component: Designator=R12(R0603_M)
Add component (AddParameter): Name = "BOM名称"; Value = "贴片电阻"; VariantName = "[No Variations]"
Add component (AddParameter): Name = "联系卖家，免费查找封装"; Value = "唯一出售店铺网址https://shop463601444.taobao.com"; VariantName = "[No Variations]"
Added Component: Designator=R13(R0603_M)
Add component (AddParameter): Name = "BOM名称"; Value = "贴片电阻"; VariantName = "[No Variations]"
Add component (AddParameter): Name = "封装库来自淘宝卖家 ID：黄晶宝石"; Value = "其他店铺购入均为盗版，不享受售后技术支持服务，请立即申请退款"; VariantName = "[No Variations]"
Add component (AddParameter): Name = "版权归属"; Value = "来自淘宝 ID：黄晶宝石"; VariantName = "[No Variations]"
Add component (AddParameter): Name = "联系售后"; Value = "https://item.taobao.com/item.htm?id=566775463719"; VariantName = "[No Variations]"
Added Component: Designator=R14(R0603_M)
Add component (AddParameter): Name = "BOM名称"; Value = "贴片电阻"; VariantName = "[No Variations]"
Add component (AddParameter): Name = "封装库来自淘宝卖家 ID：黄晶宝石"; Value = "其他店铺购入均为盗版，不享受售后技术支持服务，请立即申请退款"; VariantName = "[No Variations]"
Add component (AddParameter): Name = "版权归属"; Value = "来自淘宝 ID：黄晶宝石"; VariantName = "[No Variations]"
Add component (AddParameter): Name = "联系售后"; Value = "https://item.taobao.com/item.htm?id=566775463719"; VariantName = "[No Variations]"
Added Component: Designator=R15(R0603_M)
Add component (AddParameter): Name = "BOM名称"; Value = "贴片电阻"; VariantName = "[No Variations]"
Add component (AddParameter): Name = "联系卖家，免费查找封装"; Value = "唯一出售店铺网址https://shop463601444.taobao.com"; VariantName = "[No Variations]"
Added Component: Designator=R16(R0603_M)
Add component (AddParameter): Name = "BOM名称"; Value = "贴片电阻"; VariantName = "[No Variations]"
Add component (AddParameter): Name = "联系卖家，免费查找封装"; Value = "唯一出售店铺网址https://shop463601444.taobao.com"; VariantName = "[No Variations]"
Added Component: Designator=R17(R0603_M)
Add component (AddParameter): Name = "BOM名称"; Value = "贴片电阻"; VariantName = "[No Variations]"
Add component (AddParameter): Name = "联系卖家，免费查找封装"; Value = "唯一出售店铺网址https://shop463601444.taobao.com"; VariantName = "[No Variations]"
Added Component: Designator=R18(R0603_M)
Add component (AddParameter): Name = "BOM名称"; Value = "贴片电阻"; VariantName = "[No Variations]"
Add component (AddParameter): Name = "联系下单店铺卖家 免费帮你查找封装"; Value = "联系下单店铺卖家 免费技术支持"; VariantName = "[No Variations]"
Added Component: Designator=R19(R0603_M)
Add component (AddParameter): Name = "BOM名称"; Value = "贴片电阻"; VariantName = "[No Variations]"
Add component (AddParameter): Name = "联系下单店铺卖家 免费帮你查找封装"; Value = "联系下单店铺卖家 免费技术支持"; VariantName = "[No Variations]"
Added Component: Designator=R20(R0603_M)
Add component (AddParameter): Name = "BOM名称"; Value = "贴片电阻"; VariantName = "[No Variations]"
Add component (AddParameter): Name = "联系下单店铺卖家 免费帮你查找封装"; Value = "联系下单店铺卖家 免费技术支持"; VariantName = "[No Variations]"
Added Component: Designator=R21(R0603_M)
Add component (AddParameter): Name = "BOM名称"; Value = "贴片电阻"; VariantName = "[No Variations]"
Add component (AddParameter): Name = "联系下单店铺卖家 免费帮你查找封装"; Value = "联系下单店铺卖家 免费技术支持"; VariantName = "[No Variations]"
Added Component: Designator=R22(R0603_M)
Add component (AddParameter): Name = "BOM名称"; Value = "贴片电阻"; VariantName = "[No Variations]"
Add component (AddParameter): Name = "联系下单店铺卖家 免费帮你查找封装"; Value = "联系下单店铺卖家 免费技术支持"; VariantName = "[No Variations]"
Added Component: Designator=R23(R0603_M)
Add component (AddParameter): Name = "BOM名称"; Value = "贴片电阻"; VariantName = "[No Variations]"
Add component (AddParameter): Name = "联系下单店铺卖家 免费帮你查找封装"; Value = "联系下单店铺卖家 免费技术支持"; VariantName = "[No Variations]"
Added Component: Designator=R24(R0603_M)
Add component (AddParameter): Name = "BOM名称"; Value = "贴片电阻"; VariantName = "[No Variations]"
Add component (AddParameter): Name = "联系下单店铺卖家 免费帮你查找封装"; Value = "联系下单店铺卖家 免费技术支持"; VariantName = "[No Variations]"
Added Component: Designator=R25(R0603_M)
Add component (AddParameter): Name = "BOM名称"; Value = "贴片电阻"; VariantName = "[No Variations]"
Add component (AddParameter): Name = "联系下单店铺卖家 免费帮你查找封装"; Value = "联系下单店铺卖家 免费技术支持"; VariantName = "[No Variations]"
Added Component: Designator=RESET1(SW SMD-3*6*4.3)
Added Component: Designator=S1(MTS-10x)
Add component (AddParameter): Name = "BOM名称"; Value = "MTS10x系列3脚扭子开关"; VariantName = "[No Variations]"
Add component (AddParameter): Name = "学习资源"; Value = "www.ooocke.com"; VariantName = "[No Variations]"
Add component (AddParameter): Name = "版权归属"; Value = "源创客"; VariantName = "[No Variations]"
Added Component: Designator=SW1(SW SMD-6*6*5)
Add component (AddParameter): Name = "BOM名称"; Value = "贴片12x12轻触开关"; VariantName = "[No Variations]"
Add component (AddParameter): Name = "唯一出售店铺网址"; Value = "https://shop463601444.taobao.com"; VariantName = "[No Variations]"
Add component (AddParameter): Name = "版权归属"; Value = "封装库来自淘宝 ID：黄晶宝石"; VariantName = "[No Variations]"
Added Component: Designator=SW2(SW SMD-6*6*5)
Add component (AddParameter): Name = "BOM名称"; Value = "贴片12x12轻触开关"; VariantName = "[No Variations]"
Add component (AddParameter): Name = "唯一出售店铺网址"; Value = "https://shop463601444.taobao.com"; VariantName = "[No Variations]"
Add component (AddParameter): Name = "版权归属"; Value = "封装库来自淘宝 ID：黄晶宝石"; VariantName = "[No Variations]"
Added Component: Designator=SW3(SW SMD-6*6*5)
Add component (AddParameter): Name = "BOM名称"; Value = "贴片12x12轻触开关"; VariantName = "[No Variations]"
Add component (AddParameter): Name = "唯一出售店铺网址"; Value = "https://shop463601444.taobao.com"; VariantName = "[No Variations]"
Add component (AddParameter): Name = "版权归属"; Value = "封装库来自淘宝 ID：黄晶宝石"; VariantName = "[No Variations]"
Added Component: Designator=SW4(SW SMD-6*6*5)
Add component (AddParameter): Name = "BOM名称"; Value = "贴片12x12轻触开关"; VariantName = "[No Variations]"
Add component (AddParameter): Name = "唯一出售店铺网址"; Value = "https://shop463601444.taobao.com"; VariantName = "[No Variations]"
Add component (AddParameter): Name = "版权归属"; Value = "封装库来自淘宝 ID：黄晶宝石"; VariantName = "[No Variations]"
Added Component: Designator=TPSC1(C0603_M)
Add component (AddParameter): Name = "BOM名称"; Value = "无极性贴片电容"; VariantName = "[No Variations]"
Add component (AddParameter): Name = "联系卖家，免费查找封装"; Value = "唯一出售店铺网址https://shop463601444.taobao.com"; VariantName = "[No Variations]"
Added Component: Designator=TPSC2(C0603_M)
Add component (AddParameter): Name = "BOM名称"; Value = "无极性贴片电容"; VariantName = "[No Variations]"
Add component (AddParameter): Name = "联系卖家，免费查找封装"; Value = "唯一出售店铺网址https://shop463601444.taobao.com"; VariantName = "[No Variations]"
Added Component: Designator=TPSD1(SMC)
Add component (AddParameter): Name = "BOM名称"; Value = "肖特基二极管"; VariantName = "[No Variations]"
Add component (AddParameter): Name = "联系卖家，免费查找封装"; Value = "唯一出售店铺网址https://shop463601444.taobao.com"; VariantName = "[No Variations]"
Added Component: Designator=TPSD2(SMC)
Add component (AddParameter): Name = "BOM名称"; Value = "肖特基二极管"; VariantName = "[No Variations]"
Add component (AddParameter): Name = "联系卖家，免费查找封装"; Value = "唯一出售店铺网址https://shop463601444.taobao.com"; VariantName = "[No Variations]"
Added Component: Designator=TPSL1(CDRH74)
Added Component: Designator=TPSL2(CDRH74)
Added Component: Designator=TPSR1(R0603_M)
Add component (AddParameter): Name = "BOM名称"; Value = "贴片电阻"; VariantName = "[No Variations]"
Add component (AddParameter): Name = "联系卖家，免费查找封装"; Value = "唯一出售店铺网址https://shop463601444.taobao.com"; VariantName = "[No Variations]"
Added Component: Designator=TPSR2(R0603_M)
Add component (AddParameter): Name = "BOM名称"; Value = "贴片电阻"; VariantName = "[No Variations]"
Add component (AddParameter): Name = "联系卖家，免费查找封装"; Value = "唯一出售店铺网址https://shop463601444.taobao.com"; VariantName = "[No Variations]"
Added Component: Designator=TPSR3(R0603_M)
Add component (AddParameter): Name = "BOM名称"; Value = "贴片电阻"; VariantName = "[No Variations]"
Add component (AddParameter): Name = "联系卖家，免费查找封装"; Value = "唯一出售店铺网址https://shop463601444.taobao.com"; VariantName = "[No Variations]"
Added Component: Designator=TPSR4(R0603_M)
Add component (AddParameter): Name = "BOM名称"; Value = "贴片电阻"; VariantName = "[No Variations]"
Add component (AddParameter): Name = "联系卖家，免费查找封装"; Value = "唯一出售店铺网址https://shop463601444.taobao.com"; VariantName = "[No Variations]"
Added Component: Designator=U1(LQFP48_N)
Add component (AddParameter): Name = "ComponentLink1Description"; Value = "Manufacturer URL"; VariantName = "[No Variations]"
Add component (AddParameter): Name = "ComponentLink1URL"; Value = "http://www.st.com/"; VariantName = "[No Variations]"
Add component (AddParameter): Name = "ComponentLink2Description"; Value = "STM32F103 Datasheet"; VariantName = "[No Variations]"
Add component (AddParameter): Name = "ComponentLink2URL"; Value = "http://www.st.com/internet/com/TECHNICAL_RESOURCES/TECHNICAL_LITERATURE/DATASHEET/CD00161566.pdf"; VariantName = "[No Variations]"
Add component (AddParameter): Name = "ComponentLink3Description"; Value = "STM32 Family Web Page"; VariantName = "[No Variations]"
Add component (AddParameter): Name = "ComponentLink3URL"; Value = "www.st.com/stm32"; VariantName = "[No Variations]"
Add component (AddParameter): Name = "DatasheetVersion"; Value = "rev13.0, Apr-2011"; VariantName = "[No Variations]"
Add component (AddParameter): Name = "PackageDescription"; Value = "48-Pin Low-Profile Quad Flat Pack, 7 x 7 mm Body, 0.5 mm Pitch (LQFP48)"; VariantName = "[No Variations]"
Add component (AddParameter): Name = "PackageReference"; Value = "LQFP48"; VariantName = "[No Variations]"
Add component (AddParameter): Name = "PackageVersion"; Value = "rev13, Apr-2011"; VariantName = "[No Variations]"
Add component (AddParameter): Name = "联系售后"; Value = "https://shop463601444.taobao.com"; VariantName = "[No Variations]"
Added Component: Designator=U2(SOP14_M)
Added Component: Designator=U3(SOP8_L)
Added Component: Designator=U4(SOP16N_N)
Add component (AddParameter): Name = "唯一出售店铺网址"; Value = "https://shop463601444.taobao.com"; VariantName = "[No Variations]"
Add component (AddParameter): Name = "技术支持，联系售后"; Value = "封装库来自淘宝卖家 ID：黄晶宝石"; VariantName = "[No Variations]"
Added Component: Designator=U5(SOP8_M)
Added Component: Designator=U6(SOP8_M)
Added Component: Designator=U7(SOT23-5N)
Add component (AddParameter): Name = "BOM名称"; Value = "RT9193-30GB"; VariantName = "[No Variations]"
Add component (AddParameter): Name = "当前库版本V2022.11.14 @淘宝卖家:黄晶宝石"; Value = "最新版本发布https://shop463601444.taobao.com"; VariantName = "[No Variations]"
Added Component: Designator=U8(SOT23-5N)
Add component (AddParameter): Name = "BOM名称"; Value = "RT9193-30GB"; VariantName = "[No Variations]"
Add component (AddParameter): Name = "当前库版本V2022.11.14 @淘宝卖家:黄晶宝石"; Value = "最新版本发布https://shop463601444.taobao.com"; VariantName = "[No Variations]"
Added Component: Designator=U9(SOT23-5N)
Add component (AddParameter): Name = "BOM名称"; Value = "RT9193-30GB"; VariantName = "[No Variations]"
Add component (AddParameter): Name = "当前库版本V2022.11.14 @淘宝卖家:黄晶宝石"; Value = "最新版本发布https://shop463601444.taobao.com"; VariantName = "[No Variations]"
Added Component: Designator=USBC1(USB-C-SMD_TYPE-C-USB-5)
Add component (AddParameter): Name = "BOM_Manufacturer Part"; Value = "-"; VariantName = "[No Variations]"
Add component (AddParameter): Name = "BOM_Supplier"; Value = "LCSC"; VariantName = "[No Variations]"
Add component (AddParameter): Name = "spiceSymbolName"; Value = "TYPE-C 3.1 -16P_C168689"; VariantName = "[No Variations]"
Added Component: Designator=Y1(OSC 3225-4P)
Added Component: Designator=Y2(OSC 3225-4P)
Added Pin To Net: NetName=+5V_OUT Pin=C15-1
Added Pin To Net: NetName=+5V_OUT Pin=C16-2
Added Pin To Net: NetName=+5V_OUT Pin=JP10-2
Added Pin To Net: NetName=+5V_OUT Pin=U2-4
Added Pin To Net: NetName=+5V_OUT Pin=U3-6
Added Net: Name=+5V_OUT
Added Pin To Net: NetName=+12 Pin=JP12-1
Added Pin To Net: NetName=+12 Pin=S1-2
Added Net: Name=+12
Added Pin To Net: NetName=-5V_OUT Pin=C17-1
Added Pin To Net: NetName=-5V_OUT Pin=C18-2
Added Pin To Net: NetName=-5V_OUT Pin=JP11-2
Added Pin To Net: NetName=-5V_OUT Pin=U2-11
Added Pin To Net: NetName=-5V_OUT Pin=U3-3
Added Net: Name=-5V_OUT
Added Pin To Net: NetName=-5V Pin=CE2-2
Added Pin To Net: NetName=-5V Pin=JP11-1
Added Pin To Net: NetName=-5V Pin=R16-1
Added Pin To Net: NetName=-5V Pin=TPSD2-1
Added Pin To Net: NetName=-5V Pin=TPSR4-1
Added Pin To Net: NetName=-5V Pin=U6-6
Added Net: Name=-5V
Added Pin To Net: NetName=All_Power Pin=C27-2
Added Pin To Net: NetName=All_Power Pin=C28-2
Added Pin To Net: NetName=All_Power Pin=C29-2
Added Pin To Net: NetName=All_Power Pin=C30-2
Added Pin To Net: NetName=All_Power Pin=C33-2
Added Pin To Net: NetName=All_Power Pin=C34-2
Added Pin To Net: NetName=All_Power Pin=CE1-1
Added Pin To Net: NetName=All_Power Pin=JP2-1
Added Pin To Net: NetName=All_Power Pin=JP4-6
Added Pin To Net: NetName=All_Power Pin=JP10-1
Added Pin To Net: NetName=All_Power Pin=LED3-1
Added Pin To Net: NetName=All_Power Pin=TPSL1-2
Added Pin To Net: NetName=All_Power Pin=TPSR1-2
Added Pin To Net: NetName=All_Power Pin=U7-1
Added Pin To Net: NetName=All_Power Pin=U7-3
Added Pin To Net: NetName=All_Power Pin=U8-1
Added Pin To Net: NetName=All_Power Pin=U8-3
Added Pin To Net: NetName=All_Power Pin=U9-1
Added Pin To Net: NetName=All_Power Pin=U9-3
Added Pin To Net: NetName=All_Power Pin=USBC1-A4
Added Pin To Net: NetName=All_Power Pin=USBC1-A9
Added Pin To Net: NetName=All_Power Pin=USBC1-B4
Added Pin To Net: NetName=All_Power Pin=USBC1-B9
Added Net: Name=All_Power
Added Pin To Net: NetName=APWRGND Pin=C21-1
Added Pin To Net: NetName=APWRGND Pin=C22-1
Added Pin To Net: NetName=APWRGND Pin=CE1-2
Added Pin To Net: NetName=APWRGND Pin=CE2-1
Added Pin To Net: NetName=APWRGND Pin=JP12-2
Added Pin To Net: NetName=APWRGND Pin=LED4-1
Added Pin To Net: NetName=APWRGND Pin=R15-1
Added Pin To Net: NetName=APWRGND Pin=R18-2
Added Pin To Net: NetName=APWRGND Pin=R19-2
Added Pin To Net: NetName=APWRGND Pin=R20-2
Added Pin To Net: NetName=APWRGND Pin=R21-2
Added Pin To Net: NetName=APWRGND Pin=R22-2
Added Pin To Net: NetName=APWRGND Pin=R23-2
Added Pin To Net: NetName=APWRGND Pin=R24-2
Added Pin To Net: NetName=APWRGND Pin=R25-2
Added Pin To Net: NetName=APWRGND Pin=TPSD1-1
Added Pin To Net: NetName=APWRGND Pin=TPSL2-2
Added Pin To Net: NetName=APWRGND Pin=TPSR2-1
Added Pin To Net: NetName=APWRGND Pin=TPSR3-2
Added Pin To Net: NetName=APWRGND Pin=U5-6
Added Net: Name=APWRGND
Added Pin To Net: NetName=BOOT0 Pin=R2-1
Added Pin To Net: NetName=BOOT0 Pin=U1-44
Added Net: Name=BOOT0
Added Pin To Net: NetName=CLK Pin=JP4-3
Added Pin To Net: NetName=CLK Pin=U1-27
Added Net: Name=CLK
Added Pin To Net: NetName=CS Pin=JP4-1
Added Pin To Net: NetName=CS Pin=U1-25
Added Net: Name=CS
Added Pin To Net: NetName=D_N Pin=U4-6
Added Pin To Net: NetName=D_N Pin=USBC1-A7
Added Pin To Net: NetName=D_N Pin=USBC1-B7
Added Net: Name=D_N
Added Pin To Net: NetName=D_P Pin=U4-5
Added Pin To Net: NetName=D_P Pin=USBC1-A6
Added Pin To Net: NetName=D_P Pin=USBC1-B6
Added Net: Name=D_P
Added Pin To Net: NetName=DAT Pin=JP4-2
Added Pin To Net: NetName=DAT Pin=U1-26
Added Net: Name=DAT
Added Pin To Net: NetName=FSYN Pin=JP4-4
Added Pin To Net: NetName=FSYN Pin=U1-28
Added Net: Name=FSYN
Added Pin To Net: NetName=GND Pin=C1-1
Added Pin To Net: NetName=GND Pin=C2-1
Added Pin To Net: NetName=GND Pin=C3-1
Added Pin To Net: NetName=GND Pin=C4-1
Added Pin To Net: NetName=GND Pin=C5-1
Added Pin To Net: NetName=GND Pin=C6-2
Added Pin To Net: NetName=GND Pin=C7-1
Added Pin To Net: NetName=GND Pin=C8-2
Added Pin To Net: NetName=GND Pin=C9-1
Added Pin To Net: NetName=GND Pin=C10-2
Added Pin To Net: NetName=GND Pin=C11-2
Added Pin To Net: NetName=GND Pin=C12-2
Added Pin To Net: NetName=GND Pin=C14-2
Added Pin To Net: NetName=GND Pin=C15-2
Added Pin To Net: NetName=GND Pin=C16-1
Added Pin To Net: NetName=GND Pin=C17-2
Added Pin To Net: NetName=GND Pin=C18-1
Added Pin To Net: NetName=GND Pin=C19-1
Added Pin To Net: NetName=GND Pin=C20-1
Added Pin To Net: NetName=GND Pin=C23-1
Added Pin To Net: NetName=GND Pin=C24-1
Added Pin To Net: NetName=GND Pin=C25-1
Added Pin To Net: NetName=GND Pin=C26-1
Added Pin To Net: NetName=GND Pin=C27-1
Added Pin To Net: NetName=GND Pin=C28-1
Added Pin To Net: NetName=GND Pin=C29-1
Added Pin To Net: NetName=GND Pin=C30-1
Added Pin To Net: NetName=GND Pin=C31-1
Added Pin To Net: NetName=GND Pin=C32-1
Added Pin To Net: NetName=GND Pin=C33-1
Added Pin To Net: NetName=GND Pin=C34-1
Added Pin To Net: NetName=GND Pin=JP1-2
Added Pin To Net: NetName=GND Pin=JP2-4
Added Pin To Net: NetName=GND Pin=JP3-2
Added Pin To Net: NetName=GND Pin=JP4-5
Added Pin To Net: NetName=GND Pin=JP5-1
Added Pin To Net: NetName=GND Pin=R2-2
Added Pin To Net: NetName=GND Pin=R8-2
Added Pin To Net: NetName=GND Pin=R10-1
Added Pin To Net: NetName=GND Pin=R11-1
Added Pin To Net: NetName=GND Pin=R12-1
Added Pin To Net: NetName=GND Pin=R13-1
Added Pin To Net: NetName=GND Pin=R14-1
Added Pin To Net: NetName=GND Pin=R17-2
Added Pin To Net: NetName=GND Pin=R18-1
Added Pin To Net: NetName=GND Pin=R19-1
Added Pin To Net: NetName=GND Pin=R20-1
Added Pin To Net: NetName=GND Pin=R21-1
Added Pin To Net: NetName=GND Pin=R22-1
Added Pin To Net: NetName=GND Pin=R23-1
Added Pin To Net: NetName=GND Pin=R24-1
Added Pin To Net: NetName=GND Pin=R25-1
Added Pin To Net: NetName=GND Pin=RESET1-1
Added Pin To Net: NetName=GND Pin=SW1-3
Added Pin To Net: NetName=GND Pin=SW2-3
Added Pin To Net: NetName=GND Pin=SW3-3
Added Pin To Net: NetName=GND Pin=SW4-3
Added Pin To Net: NetName=GND Pin=U1-8
Added Pin To Net: NetName=GND Pin=U1-23
Added Pin To Net: NetName=GND Pin=U1-35
Added Pin To Net: NetName=GND Pin=U1-47
Added Pin To Net: NetName=GND Pin=U3-2
Added Pin To Net: NetName=GND Pin=U3-7
Added Pin To Net: NetName=GND Pin=U4-1
Added Pin To Net: NetName=GND Pin=U7-2
Added Pin To Net: NetName=GND Pin=U8-2
Added Pin To Net: NetName=GND Pin=U9-2
Added Pin To Net: NetName=GND Pin=USBC1-0
Added Pin To Net: NetName=GND Pin=USBC1-0
Added Pin To Net: NetName=GND Pin=USBC1-0
Added Pin To Net: NetName=GND Pin=USBC1-0
Added Pin To Net: NetName=GND Pin=USBC1-A1
Added Pin To Net: NetName=GND Pin=USBC1-A12
Added Pin To Net: NetName=GND Pin=USBC1-B1
Added Pin To Net: NetName=GND Pin=USBC1-B12
Added Pin To Net: NetName=GND Pin=Y1-2
Added Pin To Net: NetName=GND Pin=Y1-4
Added Pin To Net: NetName=GND Pin=Y2-2
Added Pin To Net: NetName=GND Pin=Y2-4
Added Net: Name=GND
Added Pin To Net: NetName=KEY_1 Pin=C6-1
Added Pin To Net: NetName=KEY_1 Pin=SW1-1
Added Pin To Net: NetName=KEY_1 Pin=U1-18
Added Net: Name=KEY_1
Added Pin To Net: NetName=KEY_2 Pin=C8-1
Added Pin To Net: NetName=KEY_2 Pin=SW2-1
Added Pin To Net: NetName=KEY_2 Pin=U1-19
Added Net: Name=KEY_2
Added Pin To Net: NetName=KEY_3 Pin=C10-1
Added Pin To Net: NetName=KEY_3 Pin=SW3-1
Added Pin To Net: NetName=KEY_3 Pin=U1-20
Added Net: Name=KEY_3
Added Pin To Net: NetName=KEY_4 Pin=C12-1
Added Pin To Net: NetName=KEY_4 Pin=SW4-1
Added Pin To Net: NetName=KEY_4 Pin=U1-39
Added Net: Name=KEY_4
Added Pin To Net: NetName=NetC13_1 Pin=C13-1
Added Pin To Net: NetName=NetC13_1 Pin=R5-2
Added Pin To Net: NetName=NetC13_1 Pin=R6-1
Added Net: Name=NetC13_1
Added Pin To Net: NetName=NetC13_2 Pin=C13-2
Added Pin To Net: NetName=NetC13_2 Pin=JP6-1
Added Pin To Net: NetName=NetC13_2 Pin=JP6-2
Added Pin To Net: NetName=NetC13_2 Pin=R9-2
Added Pin To Net: NetName=NetC13_2 Pin=U2-1
Added Net: Name=NetC13_2
Added Pin To Net: NetName=NetC14_1 Pin=C14-1
Added Pin To Net: NetName=NetC14_1 Pin=R6-2
Added Pin To Net: NetName=NetC14_1 Pin=U2-3
Added Net: Name=NetC14_1
Added Pin To Net: NetName=NetC19_2 Pin=C19-2
Added Pin To Net: NetName=NetC19_2 Pin=U4-7
Added Pin To Net: NetName=NetC19_2 Pin=Y2-1
Added Net: Name=NetC19_2
Added Pin To Net: NetName=NetC20_2 Pin=C20-2
Added Pin To Net: NetName=NetC20_2 Pin=U4-8
Added Pin To Net: NetName=NetC20_2 Pin=Y2-3
Added Net: Name=NetC20_2
Added Pin To Net: NetName=NetJP7_2 Pin=JP7-2
Added Pin To Net: NetName=NetJP7_2 Pin=U3-8
Added Net: Name=NetJP7_2
Added Pin To Net: NetName=NetJP8_1 Pin=JP8-1
Added Pin To Net: NetName=NetJP8_1 Pin=R7-1
Added Pin To Net: NetName=NetJP8_1 Pin=U3-5
Added Net: Name=NetJP8_1
Added Pin To Net: NetName=NetJP9_1 Pin=JP9-1
Added Pin To Net: NetName=NetJP9_1 Pin=U3-1
Added Net: Name=NetJP9_1
Added Pin To Net: NetName=NetLED1_2 Pin=LED1-2
Added Pin To Net: NetName=NetLED1_2 Pin=R11-2
Added Net: Name=NetLED1_2
Added Pin To Net: NetName=NetLED2_2 Pin=LED2-2
Added Pin To Net: NetName=NetLED2_2 Pin=R12-2
Added Net: Name=NetLED2_2
Added Pin To Net: NetName=NetLED3_2 Pin=LED3-2
Added Pin To Net: NetName=NetLED3_2 Pin=R15-2
Added Net: Name=NetLED3_2
Added Pin To Net: NetName=NetLED4_2 Pin=LED4-2
Added Pin To Net: NetName=NetLED4_2 Pin=R16-2
Added Net: Name=NetLED4_2
Added Pin To Net: NetName=NetLED5_2 Pin=LED5-2
Added Pin To Net: NetName=NetLED5_2 Pin=R17-1
Added Net: Name=NetLED5_2
Added Pin To Net: NetName=NetR7_2 Pin=R7-2
Added Pin To Net: NetName=NetR7_2 Pin=R10-2
Added Pin To Net: NetName=NetR7_2 Pin=U3-4
Added Net: Name=NetR7_2
Added Pin To Net: NetName=NetR8_1 Pin=R8-1
Added Pin To Net: NetName=NetR8_1 Pin=R9-1
Added Pin To Net: NetName=NetR8_1 Pin=U2-2
Added Net: Name=NetR8_1
Added Pin To Net: NetName=NetR13_2 Pin=R13-2
Added Pin To Net: NetName=NetR13_2 Pin=USBC1-B5
Added Net: Name=NetR13_2
Added Pin To Net: NetName=NetR14_2 Pin=R14-2
Added Pin To Net: NetName=NetR14_2 Pin=USBC1-A5
Added Net: Name=NetR14_2
Added Pin To Net: NetName=NetTPSC1_1 Pin=TPSC1-1
Added Pin To Net: NetName=NetTPSC1_1 Pin=TPSD1-2
Added Pin To Net: NetName=NetTPSC1_1 Pin=TPSL1-1
Added Pin To Net: NetName=NetTPSC1_1 Pin=U5-8
Added Net: Name=NetTPSC1_1
Added Pin To Net: NetName=NetTPSC1_2 Pin=TPSC1-2
Added Pin To Net: NetName=NetTPSC1_2 Pin=U5-1
Added Net: Name=NetTPSC1_2
Added Pin To Net: NetName=NetTPSC2_1 Pin=TPSC2-1
Added Pin To Net: NetName=NetTPSC2_1 Pin=TPSD2-2
Added Pin To Net: NetName=NetTPSC2_1 Pin=TPSL2-1
Added Pin To Net: NetName=NetTPSC2_1 Pin=U6-8
Added Net: Name=NetTPSC2_1
Added Pin To Net: NetName=NetTPSC2_2 Pin=TPSC2-2
Added Pin To Net: NetName=NetTPSC2_2 Pin=U6-1
Added Net: Name=NetTPSC2_2
Added Pin To Net: NetName=NetTPSR1_1 Pin=TPSR1-1
Added Pin To Net: NetName=NetTPSR1_1 Pin=TPSR2-2
Added Pin To Net: NetName=NetTPSR1_1 Pin=U5-4
Added Net: Name=NetTPSR1_1
Added Pin To Net: NetName=NetTPSR3_1 Pin=TPSR3-1
Added Pin To Net: NetName=NetTPSR3_1 Pin=TPSR4-2
Added Pin To Net: NetName=NetTPSR3_1 Pin=U6-4
Added Net: Name=NetTPSR3_1
Added Pin To Net: NetName=NRST Pin=C11-1
Added Pin To Net: NetName=NRST Pin=R1-1
Added Pin To Net: NetName=NRST Pin=RESET1-2
Added Pin To Net: NetName=NRST Pin=U1-7
Added Net: Name=NRST
Added Pin To Net: NetName=OLED_CLK Pin=JP1-3
Added Pin To Net: NetName=OLED_CLK Pin=R4-1
Added Pin To Net: NetName=OLED_CLK Pin=U1-46
Added Net: Name=OLED_CLK
Added Pin To Net: NetName=OLED_SDA Pin=JP1-4
Added Pin To Net: NetName=OLED_SDA Pin=R3-1
Added Pin To Net: NetName=OLED_SDA Pin=U1-45
Added Net: Name=OLED_SDA
Added Pin To Net: NetName=OSC_IN Pin=C7-2
Added Pin To Net: NetName=OSC_IN Pin=U1-5
Added Pin To Net: NetName=OSC_IN Pin=Y1-1
Added Net: Name=OSC_IN
Added Pin To Net: NetName=OSC_OUT Pin=C9-2
Added Pin To Net: NetName=OSC_OUT Pin=U1-6
Added Pin To Net: NetName=OSC_OUT Pin=Y1-3
Added Net: Name=OSC_OUT
Added Pin To Net: NetName=singal_carrier Pin=JP3-1
Added Pin To Net: NetName=singal_carrier Pin=JP9-2
Added Net: Name=singal_carrier
Added Pin To Net: NetName=singal_modulate Pin=JP7-1
Added Pin To Net: NetName=singal_modulate Pin=U1-29
Added Net: Name=singal_modulate
Added Pin To Net: NetName=singal_OUT Pin=JP8-2
Added Pin To Net: NetName=singal_OUT Pin=R5-1
Added Net: Name=singal_OUT
Added Pin To Net: NetName=SWCLK Pin=JP2-2
Added Pin To Net: NetName=SWCLK Pin=U1-37
Added Net: Name=SWCLK
Added Pin To Net: NetName=SWDIO Pin=JP2-3
Added Pin To Net: NetName=SWDIO Pin=U1-34
Added Net: Name=SWDIO
Added Pin To Net: NetName=USART1_RX_DEBUG Pin=LED1-1
Added Pin To Net: NetName=USART1_RX_DEBUG Pin=U1-31
Added Pin To Net: NetName=USART1_RX_DEBUG Pin=U4-2
Added Net: Name=USART1_RX_DEBUG
Added Pin To Net: NetName=USART1_TX_DEBUG Pin=LED2-1
Added Pin To Net: NetName=USART1_TX_DEBUG Pin=U1-30
Added Pin To Net: NetName=USART1_TX_DEBUG Pin=U4-3
Added Net: Name=USART1_TX_DEBUG
Added Pin To Net: NetName=VCC12 Pin=C21-2
Added Pin To Net: NetName=VCC12 Pin=C22-2
Added Pin To Net: NetName=VCC12 Pin=S1-3
Added Pin To Net: NetName=VCC12 Pin=U5-7
Added Pin To Net: NetName=VCC12 Pin=U6-7
Added Net: Name=VCC12
Added Pin To Net: NetName=Vch340 Pin=C25-2
Added Pin To Net: NetName=Vch340 Pin=C26-2
Added Pin To Net: NetName=Vch340 Pin=U4-4
Added Pin To Net: NetName=Vch340 Pin=U4-16
Added Pin To Net: NetName=Vch340 Pin=U8-5
Added Net: Name=Vch340
Added Pin To Net: NetName=Voled Pin=C31-2
Added Pin To Net: NetName=Voled Pin=C32-2
Added Pin To Net: NetName=Voled Pin=JP1-1
Added Pin To Net: NetName=Voled Pin=R3-2
Added Pin To Net: NetName=Voled Pin=R4-2
Added Pin To Net: NetName=Voled Pin=U9-5
Added Net: Name=Voled
Added Pin To Net: NetName=Vsys Pin=C1-2
Added Pin To Net: NetName=Vsys Pin=C2-2
Added Pin To Net: NetName=Vsys Pin=C3-2
Added Pin To Net: NetName=Vsys Pin=C4-2
Added Pin To Net: NetName=Vsys Pin=C5-2
Added Pin To Net: NetName=Vsys Pin=C23-2
Added Pin To Net: NetName=Vsys Pin=C24-2
Added Pin To Net: NetName=Vsys Pin=LED5-1
Added Pin To Net: NetName=Vsys Pin=R1-2
Added Pin To Net: NetName=Vsys Pin=U1-1
Added Pin To Net: NetName=Vsys Pin=U1-9
Added Pin To Net: NetName=Vsys Pin=U1-24
Added Pin To Net: NetName=Vsys Pin=U1-36
Added Pin To Net: NetName=Vsys Pin=U1-48
Added Pin To Net: NetName=Vsys Pin=U7-5
Added Net: Name=Vsys
Added Class: Name=MCU
Added Class: Name=OUT
Added Class: Name=POWER
Added Class: Name=USART
Added Room: Name=MCU
Added Room: Name=OUT
Added Room: Name=POWER
Added Room: Name=USART
