Change Component Designator: Old Designator=C? New Designator=C21
Change Component Designator: Old Designator=C? New Designator=C22
Change Component Designator: Old Designator=C? New Designator=C23
Change Component Designator: Old Designator=C? New Designator=C24
Change Component Designator: Old Designator=C? New Designator=C25
Change Component Designator: Old Designator=C? New Designator=C26
Change Component Designator: Old Designator=C? New Designator=C27
Change Component Designator: Old Designator=C? New Designator=C28
Change Component Designator: Old Designator=C? New Designator=C29
Change Component Designator: Old Designator=C? New Designator=C30
Change Component Designator: Old Designator=C? New Designator=C31
Change Component Designator: Old Designator=C? New Designator=C32
Change Component Designator: Old Designator=C? New Designator=C33
Change Component Designator: Old Designator=C? New Designator=C34
Change Component Designator: Old Designator=CE? New Designator=CE1
Change Component Designator: Old Designator=CE? New Designator=CE2
Change Component Designator: Old Designator=JP? New Designator=JP12
Change Component Designator: Old Designator=LED? New Designator=LED3
Change Component Designator: Old Designator=LED? New Designator=LED4
Change Component Designator: Old Designator=LED? New Designator=LED5
Change Component Designator: Old Designator=R? New Designator=R15
Change Component Designator: Old Designator=R? New Designator=R16
Change Component Designator: Old Designator=R? New Designator=R17
Change Component Designator: Old Designator=R? New Designator=R18
Change Component Designator: Old Designator=R? New Designator=R19
Change Component Designator: Old Designator=R? New Designator=R20
Change Component Designator: Old Designator=R? New Designator=R21
Change Component Designator: Old Designator=R? New Designator=R22
Change Component Designator: Old Designator=R? New Designator=R23
Change Component Designator: Old Designator=R? New Designator=R24
Change Component Designator: Old Designator=R? New Designator=R25
Change Component Designator: Old Designator=S? New Designator=S1
Change Component Designator: Old Designator=TPSC? New Designator=TPSC1
Change Component Designator: Old Designator=TPSC? New Designator=TPSC2
Change Component Designator: Old Designator=TPSD? New Designator=TPSD1
Change Component Designator: Old Designator=TPSD? New Designator=TPSD2
Change Component Designator: Old Designator=TPSL? New Designator=TPSL1
Change Component Designator: Old Designator=TPSL? New Designator=TPSL2
Change Component Designator: Old Designator=TPSR? New Designator=TPSR1
Change Component Designator: Old Designator=TPSR? New Designator=TPSR2
Change Component Designator: Old Designator=TPSR? New Designator=TPSR3
Change Component Designator: Old Designator=TPSR? New Designator=TPSR4
Change Component Designator: Old Designator=U? New Designator=U5
Change Component Designator: Old Designator=U? New Designator=U6
Change Component Designator: Old Designator=U? New Designator=U7
Change Component Designator: Old Designator=U? New Designator=U8
Change Component Designator: Old Designator=U? New Designator=U9
